<?xml version="1.0" encoding="UTF-8"?>
<!-- Generated by org.testng.reporters.JUnitXMLReporter -->
<testsuite hostname="Lenovo" ignored="0" name="Default test" tests="9" failures="0" timestamp="09 May 2021 18:10:57 GMT" time="130.058" errors="0">
  <testcase name="login" time="42.971" classname="TestCases.Smoke"/>
  <testcase name="hospital" time="3.4" classname="TestCases.Smoke"/>
  <testcase name="searchhospitals" time="29.686" classname="TestCases.Smoke"/>
  <testcase name="hospitalnames" time="0.691" classname="TestCases.Smoke"/>
  <testcase name="hospitaldata" time="9.523" classname="TestCases.Smoke"/>
  <testcase name="diagnostics" time="11.541" classname="TestCases.Smoke"/>
  <testcase name="diagnostic" time="0.663" classname="TestCases.Smoke"/>
  <testcase name="diagnosticdata" time="0.429" classname="TestCases.Smoke"/>
  <testcase name="corporatepage" time="29.73" classname="TestCases.Smoke"/>
</testsuite> <!-- Default test -->
