<?xml version="1.0" encoding="UTF-8"?>
<!-- Generated by org.testng.reporters.JUnitXMLReporter -->
<testsuite hostname="Lenovo" ignored="0" name="Test" tests="9" failures="0" timestamp="11 May 2021 11:13:41 GMT" time="122.082" errors="0">
  <testcase name="login" time="39.294" classname="TestCases.Smoke"/>
  <testcase name="hospital" time="2.383" classname="TestCases.Smoke"/>
  <testcase name="searchhospitals" time="28.766" classname="TestCases.Smoke"/>
  <testcase name="hospitalnames" time="0.34" classname="TestCases.Smoke"/>
  <testcase name="hospitaldata" time="13.987" classname="TestCases.Smoke"/>
  <testcase name="diagnostics" time="7.304" classname="TestCases.Smoke"/>
  <testcase name="diagnostic" time="0.843" classname="TestCases.Smoke"/>
  <testcase name="diagnosticdata" time="0.308" classname="TestCases.Smoke"/>
  <testcase name="corporatepage" time="28.766" classname="TestCases.Smoke"/>
</testsuite> <!-- Test -->
