<?xml version="1.0" encoding="UTF-8"?>
<!-- Generated by org.testng.reporters.JUnitXMLReporter -->
<testsuite hostname="Lenovo" ignored="0" name="Test" tests="9" failures="0" timestamp="14 May 2021 13:13:31 GMT" time="101.208" errors="0">
  <testcase name="login" time="24.542" classname="TestCases.Smoke"/>
  <testcase name="hospital" time="2.742" classname="TestCases.Smoke"/>
  <testcase name="searchhospitals" time="26.638" classname="TestCases.Smoke"/>
  <testcase name="hospitalnames" time="1.045" classname="TestCases.Smoke"/>
  <testcase name="hospitaldata" time="8.68" classname="TestCases.Smoke"/>
  <testcase name="diagnostics" time="8.701" classname="TestCases.Smoke"/>
  <testcase name="diagnostic" time="3.48" classname="TestCases.Smoke"/>
  <testcase name="diagnosticdata" time="0.329" classname="TestCases.Smoke"/>
  <testcase name="corporatepage" time="24.981" classname="TestCases.Smoke"/>
</testsuite> <!-- Test -->
