<?xml version="1.0" encoding="UTF-8"?>
<testsuite xmlns:xsi="http://www.w3.org/2001/XMLSchema-instance" xsi:noNamespaceSchemaLocation="https://maven.apache.org/surefire/maven-surefire-plugin/xsd/surefire-test-report-3.0.xsd" version="3.0" name="TestSuite" time="103.965" tests="9" errors="0" skipped="0" failures="0">
  <properties>
[...]
</properties>
  <testcase name="login" classname="TestCases.Smoke" time="24.656">
    <system-out><![CDATA[Asking to enter the password: Password field cannot be empty
]]></system-out>
    <system-err><![CDATA[Starting ChromeDriver 90.0.4430.24 (4c6d850f087da467d926e8eddb76550aed655991-refs/branch-heads/4430@{#429}) on port 41725
Only local connections are allowed.
Please see https://chromedriver.chromium.org/security-considerations for suggestions on keeping ChromeDriver safe.
ChromeDriver was started successfully.
May 14, 2021 6:41:59 PM org.openqa.selenium.remote.ProtocolHandshake createSession
INFO: Detected dialect: W3C
]]></system-err>
  </testcase>
  <testcase name="hospital" classname="TestCases.Smoke" time="2.638"/>
  <testcase name="searchhospitals" classname="TestCases.Smoke" time="26.631">
    <system-out><![CDATA[ Hospitals Above 3.5 Ratings :  10
]]></system-out>
  </testcase>
  <testcase name="hospitalnames" classname="TestCases.Smoke" time="1.049">
    <system-out><![CDATA[[Ljava.lang.String;@cd1d761
[Ljava.lang.String;@cd1d761
[Ljava.lang.String;@cd1d761
[Ljava.lang.String;@cd1d761
[Ljava.lang.String;@cd1d761
[Ljava.lang.String;@cd1d761
[Ljava.lang.String;@cd1d761
[Ljava.lang.String;@cd1d761
[Ljava.lang.String;@cd1d761
[Ljava.lang.String;@cd1d761
]]></system-out>
  </testcase>
  <testcase name="hospitaldata" classname="TestCases.Smoke" time="8.68">
    <system-out><![CDATA[[Ljava.lang.String;@584f54e6
[Ljava.lang.String;@584f54e6
[Ljava.lang.String;@584f54e6
[Ljava.lang.String;@584f54e6
[Ljava.lang.String;@584f54e6
[Ljava.lang.String;@584f54e6
[Ljava.lang.String;@584f54e6
[Ljava.lang.String;@584f54e6
[Ljava.lang.String;@584f54e6
[Ljava.lang.String;@584f54e6
Motherhood Hospital
Koshys Hospital
Apollo Cradle
Cloudnine Hospital - Old Airport Road
Cloudnine Hospital - Malleshwaram
Cloudnine Hospital - Whitefield
Cloudnine Hospital - Bellandur
Cloudnine Hospital - Jayanagar
Cloudnine Fertility - IVF Centre, Old Airport Road
Cloudnine Fertility - IVF Centre, Jayanagar
]]></system-out>
  </testcase>
  <testcase name="diagnostics" classname="TestCases.Smoke" time="8.702"/>
  <testcase name="diagnostic" classname="TestCases.Smoke" time="3.484">
    <system-out><![CDATA[[Ljava.lang.String;@3c321bdb
[Ljava.lang.String;@3c321bdb
[Ljava.lang.String;@3c321bdb
[Ljava.lang.String;@3c321bdb
]]></system-out>
  </testcase>
  <testcase name="diagnosticdata" classname="TestCases.Smoke" time="0.328">
    <system-out><![CDATA[[Ljava.lang.String;@5cbf9e9f
[Ljava.lang.String;@5cbf9e9f
[Ljava.lang.String;@5cbf9e9f
[Ljava.lang.String;@5cbf9e9f
Bangalore
Mumbai
Hyderabad
Pune
]]></system-out>
  </testcase>
  <testcase name="corporatepage" classname="TestCases.Smoke" time="25.007">
    <system-err><![CDATA[org.openqa.selenium.NoSuchElementException: no such element: Unable to locate element: {"method":"css selector","selector":"#name"}
  (Session info: chrome=90.0.4430.212)
For documentation on this error, please visit: https://www.seleniumhq.org/exceptions/no_such_element.html
Build info: version: '3.141.59', revision: 'e82be7d358', time: '2018-11-14T08:17:03'
System info: host: 'LENOVO', ip: '192.168.43.54', os.name: 'Windows 10', os.arch: 'amd64', os.version: '10.0', java.version: '1.8.0_291'
Driver info: org.openqa.selenium.chrome.ChromeDriver
Capabilities {acceptInsecureCerts: false, browserName: chrome, browserVersion: 90.0.4430.212, chrome: {chromedriverVersion: 90.0.4430.24 (4c6d850f087da..., userDataDir: C:\Users\ELCOT\AppData\Loca...}, goog:chromeOptions: {debuggerAddress: localhost:1842}, javascriptEnabled: true, networkConnectionEnabled: false, pageLoadStrategy: normal, platform: WINDOWS, platformName: WINDOWS, proxy: Proxy(), setWindowRect: true, strictFileInteractability: false, timeouts: {implicit: 0, pageLoad: 300000, script: 30000}, unhandledPromptBehavior: dismiss and notify, webauthn:extension:largeBlob: true, webauthn:virtualAuthenticators: true}
Session ID: 3170e18d2053555864903ee5d1ba5ab8
*** Element info: {Using=id, value=name}
	at sun.reflect.NativeConstructorAccessorImpl.newInstance0(Native Method)
	at sun.reflect.NativeConstructorAccessorImpl.newInstance(Unknown Source)
	at sun.reflect.DelegatingConstructorAccessorImpl.newInstance(Unknown Source)
	at java.lang.reflect.Constructor.newInstance(Unknown Source)
	at org.openqa.selenium.remote.http.W3CHttpResponseCodec.createException(W3CHttpResponseCodec.java:187)
	at org.openqa.selenium.remote.http.W3CHttpResponseCodec.decode(W3CHttpResponseCodec.java:122)
	at org.openqa.selenium.remote.http.W3CHttpResponseCodec.decode(W3CHttpResponseCodec.java:49)
	at org.openqa.selenium.remote.HttpCommandExecutor.execute(HttpCommandExecutor.java:158)
	at org.openqa.selenium.remote.service.DriverCommandExecutor.execute(DriverCommandExecutor.java:83)
	at org.openqa.selenium.remote.RemoteWebDriver.execute(RemoteWebDriver.java:552)
	at org.openqa.selenium.remote.RemoteWebDriver.findElement(RemoteWebDriver.java:323)
	at org.openqa.selenium.remote.RemoteWebDriver.findElementById(RemoteWebDriver.java:372)
	at org.openqa.selenium.By$ById.findElement(By.java:188)
	at org.openqa.selenium.remote.RemoteWebDriver.findElement(RemoteWebDriver.java:315)
	at org.openqa.selenium.support.pagefactory.DefaultElementLocator.findElement(DefaultElementLocator.java:69)
	at org.openqa.selenium.support.pagefactory.internal.LocatingElementHandler.invoke(LocatingElementHandler.java:38)
	at com.sun.proxy.$Proxy6.sendKeys(Unknown Source)
	at com.FindingHospitals.BaseHome.CopWellness(BaseHome.java:258)
	at TestCases.Smoke.corporatepage(Smoke.java:67)
	at sun.reflect.NativeMethodAccessorImpl.invoke0(Native Method)
	at sun.reflect.NativeMethodAccessorImpl.invoke(Unknown Source)
	at sun.reflect.DelegatingMethodAccessorImpl.invoke(Unknown Source)
	at java.lang.reflect.Method.invoke(Unknown Source)
	at org.testng.internal.MethodInvocationHelper.invokeMethod(MethodInvocationHelper.java:124)
	at org.testng.internal.Invoker.invokeMethod(Invoker.java:583)
	at org.testng.internal.Invoker.invokeTestMethod(Invoker.java:719)
	at org.testng.internal.Invoker.invokeTestMethods(Invoker.java:989)
	at org.testng.internal.TestMethodWorker.invokeTestMethods(TestMethodWorker.java:125)
	at org.testng.internal.TestMethodWorker.run(TestMethodWorker.java:109)
	at org.testng.TestRunner.privateRun(TestRunner.java:648)
	at org.testng.TestRunner.run(TestRunner.java:505)
	at org.testng.SuiteRunner.runTest(SuiteRunner.java:455)
	at org.testng.SuiteRunner.runSequentially(SuiteRunner.java:450)
	at org.testng.SuiteRunner.privateRun(SuiteRunner.java:415)
	at org.testng.SuiteRunner.run(SuiteRunner.java:364)
	at org.testng.SuiteRunnerWorker.runSuite(SuiteRunnerWorker.java:52)
	at org.testng.SuiteRunnerWorker.run(SuiteRunnerWorker.java:84)
	at org.testng.TestNG.runSuitesSequentially(TestNG.java:1208)
	at org.testng.TestNG.runSuitesLocally(TestNG.java:1137)
	at org.testng.TestNG.runSuites(TestNG.java:1049)
	at org.testng.TestNG.run(TestNG.java:1017)
	at org.apache.maven.surefire.testng.TestNGExecutor.run(TestNGExecutor.java:284)
	at org.apache.maven.surefire.testng.TestNGXmlTestSuite.execute(TestNGXmlTestSuite.java:75)
	at org.apache.maven.surefire.testng.TestNGProvider.invoke(TestNGProvider.java:119)
	at org.apache.maven.surefire.booter.ForkedBooter.runSuitesInProcess(ForkedBooter.java:428)
	at org.apache.maven.surefire.booter.ForkedBooter.execute(ForkedBooter.java:162)
	at org.apache.maven.surefire.booter.ForkedBooter.run(ForkedBooter.java:562)
	at org.apache.maven.surefire.booter.ForkedBooter.main(ForkedBooter.java:548)
]]></system-err>
  </testcase>
</testsuite>