<?xml version="1.0" encoding="UTF-8"?>
<testng-results skipped="0" failed="0" ignored="0" total="9" passed="9">
  <reporter-output>
    <line>
      <![CDATA[UNKNOWN EXCEPTION OCCURED]]>
    </line>
  </reporter-output>
  <suite name="Suite" duration-ms="174550" started-at="2021-05-11T11:07:02Z" finished-at="2021-05-11T11:09:56Z">
    <groups>
      <group name="Smoke Suite">
        <method signature="Smoke.corporatepage()[pri:8, instance:TestCases.Smoke@43a0cee9]" name="corporatepage" class="TestCases.Smoke"/>
        <method signature="Smoke.diagnostic()[pri:6, instance:TestCases.Smoke@43a0cee9]" name="diagnostic" class="TestCases.Smoke"/>
        <method signature="Smoke.diagnosticdata()[pri:7, instance:TestCases.Smoke@43a0cee9]" name="diagnosticdata" class="TestCases.Smoke"/>
        <method signature="Smoke.diagnostics()[pri:5, instance:TestCases.Smoke@43a0cee9]" name="diagnostics" class="TestCases.Smoke"/>
        <method signature="Smoke.hospital()[pri:1, instance:TestCases.Smoke@43a0cee9]" name="hospital" class="TestCases.Smoke"/>
        <method signature="Smoke.hospitaldata()[pri:4, instance:TestCases.Smoke@43a0cee9]" name="hospitaldata" class="TestCases.Smoke"/>
        <method signature="Smoke.hospitalnames()[pri:3, instance:TestCases.Smoke@43a0cee9]" name="hospitalnames" class="TestCases.Smoke"/>
        <method signature="Smoke.login()[pri:0, instance:TestCases.Smoke@43a0cee9]" name="login" class="TestCases.Smoke"/>
        <method signature="Smoke.searchhospitals()[pri:2, instance:TestCases.Smoke@43a0cee9]" name="searchhospitals" class="TestCases.Smoke"/>
      </group> <!-- Smoke Suite -->
    </groups>
    <test name="Test" duration-ms="174550" started-at="2021-05-11T11:07:02Z" finished-at="2021-05-11T11:09:56Z">
      <class name="TestCases.Smoke">
        <test-method status="PASS" signature="login()[pri:0, instance:TestCases.Smoke@43a0cee9]" name="login" duration-ms="50276" started-at="2021-05-11T11:07:02Z" finished-at="2021-05-11T11:07:52Z">
          <reporter-output>
          </reporter-output>
        </test-method> <!-- login -->
        <test-method status="PASS" signature="hospital()[pri:1, instance:TestCases.Smoke@43a0cee9]" name="hospital" duration-ms="2437" started-at="2021-05-11T11:07:52Z" finished-at="2021-05-11T11:07:55Z">
          <reporter-output>
          </reporter-output>
        </test-method> <!-- hospital -->
        <test-method status="PASS" signature="searchhospitals()[pri:2, instance:TestCases.Smoke@43a0cee9]" name="searchhospitals" duration-ms="26165" started-at="2021-05-11T11:07:55Z" finished-at="2021-05-11T11:08:21Z">
          <reporter-output>
          </reporter-output>
        </test-method> <!-- searchhospitals -->
        <test-method status="PASS" signature="hospitalnames()[pri:3, instance:TestCases.Smoke@43a0cee9]" name="hospitalnames" duration-ms="407" started-at="2021-05-11T11:08:21Z" finished-at="2021-05-11T11:08:21Z">
          <reporter-output>
          </reporter-output>
        </test-method> <!-- hospitalnames -->
        <test-method status="PASS" signature="hospitaldata()[pri:4, instance:TestCases.Smoke@43a0cee9]" name="hospitaldata" duration-ms="37263" started-at="2021-05-11T11:08:21Z" finished-at="2021-05-11T11:08:59Z">
          <reporter-output>
          </reporter-output>
        </test-method> <!-- hospitaldata -->
        <test-method status="PASS" signature="diagnostics()[pri:5, instance:TestCases.Smoke@43a0cee9]" name="diagnostics" duration-ms="14571" started-at="2021-05-11T11:08:59Z" finished-at="2021-05-11T11:09:13Z">
          <reporter-output>
          </reporter-output>
        </test-method> <!-- diagnostics -->
        <test-method status="PASS" signature="diagnostic()[pri:6, instance:TestCases.Smoke@43a0cee9]" name="diagnostic" duration-ms="1255" started-at="2021-05-11T11:09:13Z" finished-at="2021-05-11T11:09:14Z">
          <reporter-output>
          </reporter-output>
        </test-method> <!-- diagnostic -->
        <test-method status="PASS" signature="diagnosticdata()[pri:7, instance:TestCases.Smoke@43a0cee9]" name="diagnosticdata" duration-ms="404" started-at="2021-05-11T11:09:14Z" finished-at="2021-05-11T11:09:15Z">
          <reporter-output>
          </reporter-output>
        </test-method> <!-- diagnosticdata -->
        <test-method status="PASS" signature="corporatepage()[pri:8, instance:TestCases.Smoke@43a0cee9]" name="corporatepage" duration-ms="41565" started-at="2021-05-11T11:09:15Z" finished-at="2021-05-11T11:09:56Z">
          <reporter-output>
            <line>
              <![CDATA[UNKNOWN EXCEPTION OCCURED]]>
            </line>
          </reporter-output>
        </test-method> <!-- corporatepage -->
      </class> <!-- TestCases.Smoke -->
    </test> <!-- Test -->
  </suite> <!-- Suite -->
</testng-results>
